2025-07-04 15:17:12 INFO  LogUtils:58 - Click on Login link 
2025-07-04 15:17:12 INFO  LogUtils:46 - Click on register link
2025-07-04 15:17:12 INFO  LogUtils:34 - Verify the Register link Displayed : true
2025-07-04 15:17:12 INFO  LogUtils:40 - Verify login link displayed : true
2025-07-04 15:17:12 INFO  LogUtils:52 - Verify the Register page Title : Register
2025-07-04 15:17:12 INFO  LogUtils:64 - verify the login Page title : Login
2025-07-04 15:19:20 INFO  LogUtils:46 - Click on register link
2025-07-04 15:19:20 INFO  LogUtils:58 - Click on Login link 
2025-07-04 15:19:20 INFO  LogUtils:34 - Verify the Register link Displayed : true
2025-07-04 15:19:21 INFO  LogUtils:40 - Verify login link displayed : true
2025-07-04 15:19:21 INFO  LogUtils:52 - Verify the Register page Title : Register
2025-07-04 15:19:21 INFO  LogUtils:64 - verify the login Page title : Login
2025-07-04 15:20:22 INFO  LogUtils:58 - Click on Login link 
2025-07-04 15:20:22 INFO  LogUtils:46 - Click on register link
2025-07-04 15:20:22 INFO  LogUtils:34 - Verify the Register link Displayed : true
2025-07-04 15:20:22 INFO  LogUtils:40 - Verify login link displayed : true
2025-07-04 15:20:22 INFO  LogUtils:64 - verify the login Page title : Login
2025-07-04 15:20:22 INFO  LogUtils:52 - Verify the Register page Title : Register
2025-07-04 15:21:56 INFO  LogUtils:47 - Click on register link
2025-07-04 15:21:56 INFO  LogUtils:59 - Click on Login link 
2025-07-04 15:21:56 INFO  LogUtils:35 - Verify the Register link Displayed : true
2025-07-04 15:21:57 INFO  LogUtils:41 - Verify login link displayed : true
2025-07-04 15:21:57 INFO  LogUtils:53 - Verify the Register page Title : Register
2025-07-04 15:21:57 INFO  LogUtils:65 - verify the login Page title : Login
2025-07-04 15:56:38 INFO  LogUtils:22 - Element is visible: [[ChromeDriver: chrome on windows (5e953633e8d3d95c090b0a86d3f17c5a)] -> link text: Register]
2025-07-04 15:56:38 INFO  LogUtils:22 - Element is visible: [[ChromeDriver: chrome on windows (b63abff6adda2763f8c64c22ae2b67a2)] -> link text: Login]
2025-07-04 15:56:39 INFO  LogUtils:14 - Clicking on: [[ChromeDriver: chrome on windows (b63abff6adda2763f8c64c22ae2b67a2)] -> link text: Login]
2025-07-04 15:56:39 INFO  LogUtils:22 - Element is visible: [[ChromeDriver: chrome on windows (5ab9ede2de7065822f27127aed7d7550)] -> link text: Register]
2025-07-04 15:56:39 INFO  LogUtils:22 - Element is visible: [[ChromeDriver: chrome on windows (5e953633e8d3d95c090b0a86d3f17c5a)] -> link text: Login]
2025-07-04 15:56:39 INFO  LogUtils:14 - Clicking on: [[ChromeDriver: chrome on windows (5ab9ede2de7065822f27127aed7d7550)] -> link text: Register]
2025-07-04 16:04:31 INFO  LogUtils:22 - Element is visible: [[ChromeDriver: chrome on windows (95ebcacf16cd4fa9bb8ba7e0198932ad)] -> link text: Register]
2025-07-04 16:04:31 INFO  LogUtils:14 - Clicking on: [[ChromeDriver: chrome on windows (95ebcacf16cd4fa9bb8ba7e0198932ad)] -> link text: Register]
2025-07-04 16:06:29 INFO  LogUtils:22 - Element is visible: [[ChromeDriver: chrome on windows (ba8a1ae6b2ea5bbb27e8896d0125d3c1)] -> link text: Register]
2025-07-04 16:06:29 INFO  LogUtils:14 - Clicking on: [[ChromeDriver: chrome on windows (ba8a1ae6b2ea5bbb27e8896d0125d3c1)] -> link text: Register]
2025-07-04 16:25:44 INFO  LogUtils:22 - Element is visible: [[ChromeDriver: chrome on windows (cf142d9eb543f9b7afa6fec5f30e09ba)] -> link text: Register]
2025-07-04 16:25:45 INFO  LogUtils:14 - Clicking on: [[ChromeDriver: chrome on windows (cf142d9eb543f9b7afa6fec5f30e09ba)] -> link text: Register]
2025-07-04 16:25:45 INFO  LogUtils:22 - Element is visible: [[ChromeDriver: chrome on windows (cf142d9eb543f9b7afa6fec5f30e09ba)] -> id: firstName]
2025-07-04 16:25:45 INFO  LogUtils:29 - Entering value: 'KUDIKALA' into element: [[ChromeDriver: chrome on windows (cf142d9eb543f9b7afa6fec5f30e09ba)] -> id: firstName]
2025-07-04 16:25:45 INFO  LogUtils:22 - Element is visible: [[ChromeDriver: chrome on windows (cf142d9eb543f9b7afa6fec5f30e09ba)] -> id: lastName]
2025-07-04 16:25:45 INFO  LogUtils:29 - Entering value: 'RAMESH' into element: [[ChromeDriver: chrome on windows (cf142d9eb543f9b7afa6fec5f30e09ba)] -> id: lastName]
2025-07-04 16:25:46 INFO  LogUtils:22 - Element is visible: [[ChromeDriver: chrome on windows (cf142d9eb543f9b7afa6fec5f30e09ba)] -> id: email]
2025-07-04 16:25:46 INFO  LogUtils:29 - Entering value: '<email' into element: [[ChromeDriver: chrome on windows (cf142d9eb543f9b7afa6fec5f30e09ba)] -> id: email]
2025-07-04 16:25:46 INFO  LogUtils:22 - Element is visible: [[ChromeDriver: chrome on windows (cf142d9eb543f9b7afa6fec5f30e09ba)] -> id: password]
2025-07-04 16:25:46 INFO  LogUtils:29 - Entering value: 'TESTING@123' into element: [[ChromeDriver: chrome on windows (cf142d9eb543f9b7afa6fec5f30e09ba)] -> id: password]
2025-07-04 16:25:46 INFO  LogUtils:22 - Element is visible: [[ChromeDriver: chrome on windows (cf142d9eb543f9b7afa6fec5f30e09ba)] -> id: confirmPassword]
2025-07-04 16:25:46 INFO  LogUtils:29 - Entering value: 'TESTING@123' into element: [[ChromeDriver: chrome on windows (cf142d9eb543f9b7afa6fec5f30e09ba)] -> id: confirmPassword]
2025-07-04 16:25:47 INFO  LogUtils:22 - Element is visible: [[ChromeDriver: chrome on windows (cf142d9eb543f9b7afa6fec5f30e09ba)] -> id: role]
2025-07-04 16:25:47 INFO  LogUtils:36 - Selecting value: Employee from dropdown: [[ChromeDriver: chrome on windows (cf142d9eb543f9b7afa6fec5f30e09ba)] -> id: role]
2025-07-04 16:25:47 INFO  LogUtils:22 - Element is visible: [[ChromeDriver: chrome on windows (cf142d9eb543f9b7afa6fec5f30e09ba)] -> class name: btn]
2025-07-04 16:25:47 INFO  LogUtils:20 - Clicking on: [[ChromeDriver: chrome on windows (cf142d9eb543f9b7afa6fec5f30e09ba)] -> class name: btn]
2025-07-04 16:25:47 ERROR LogUtils:25 - Element not visible: Proxy element for: DefaultElementLocator 'By.className: logout-btn' within timeout: 0
2025-07-04 16:26:22 INFO  LogUtils:22 - Element is visible: [[ChromeDriver: chrome on windows (f3e53eb39dbb83aae8d48a143196c080)] -> link text: Register]
2025-07-04 16:26:22 INFO  LogUtils:14 - Clicking on: [[ChromeDriver: chrome on windows (f3e53eb39dbb83aae8d48a143196c080)] -> link text: Register]
2025-07-04 16:26:22 INFO  LogUtils:22 - Element is visible: [[ChromeDriver: chrome on windows (f3e53eb39dbb83aae8d48a143196c080)] -> id: firstName]
2025-07-04 16:26:22 INFO  LogUtils:29 - Entering value: 'KUDIKALA' into element: [[ChromeDriver: chrome on windows (f3e53eb39dbb83aae8d48a143196c080)] -> id: firstName]
2025-07-04 16:26:23 INFO  LogUtils:22 - Element is visible: [[ChromeDriver: chrome on windows (f3e53eb39dbb83aae8d48a143196c080)] -> id: lastName]
2025-07-04 16:26:23 INFO  LogUtils:29 - Entering value: 'RAMESH' into element: [[ChromeDriver: chrome on windows (f3e53eb39dbb83aae8d48a143196c080)] -> id: lastName]
2025-07-04 16:27:22 INFO  LogUtils:22 - Element is visible: [[ChromeDriver: chrome on windows (5c97f8fa1f50ee47013e1683543e9790)] -> link text: Register]
2025-07-04 16:27:22 INFO  LogUtils:14 - Clicking on: [[ChromeDriver: chrome on windows (5c97f8fa1f50ee47013e1683543e9790)] -> link text: Register]
2025-07-04 16:27:22 INFO  LogUtils:22 - Element is visible: [[ChromeDriver: chrome on windows (5c97f8fa1f50ee47013e1683543e9790)] -> id: firstName]
2025-07-04 16:27:22 INFO  LogUtils:29 - Entering value: 'KUDIKALA' into element: [[ChromeDriver: chrome on windows (5c97f8fa1f50ee47013e1683543e9790)] -> id: firstName]
2025-07-04 16:27:22 INFO  LogUtils:22 - Element is visible: [[ChromeDriver: chrome on windows (5c97f8fa1f50ee47013e1683543e9790)] -> id: lastName]
2025-07-04 16:27:23 INFO  LogUtils:29 - Entering value: 'RAMESH' into element: [[ChromeDriver: chrome on windows (5c97f8fa1f50ee47013e1683543e9790)] -> id: lastName]
2025-07-04 16:27:23 INFO  LogUtils:22 - Element is visible: [[ChromeDriver: chrome on windows (5c97f8fa1f50ee47013e1683543e9790)] -> id: email]
2025-07-04 16:27:23 INFO  LogUtils:29 - Entering value: 'RKTESTING@YAHOO.COM' into element: [[ChromeDriver: chrome on windows (5c97f8fa1f50ee47013e1683543e9790)] -> id: email]
2025-07-04 16:27:23 INFO  LogUtils:22 - Element is visible: [[ChromeDriver: chrome on windows (5c97f8fa1f50ee47013e1683543e9790)] -> id: password]
2025-07-04 16:27:23 INFO  LogUtils:29 - Entering value: 'TESTING@123' into element: [[ChromeDriver: chrome on windows (5c97f8fa1f50ee47013e1683543e9790)] -> id: password]
2025-07-04 16:27:24 INFO  LogUtils:22 - Element is visible: [[ChromeDriver: chrome on windows (5c97f8fa1f50ee47013e1683543e9790)] -> id: confirmPassword]
2025-07-04 16:27:24 INFO  LogUtils:29 - Entering value: 'TESTING@123' into element: [[ChromeDriver: chrome on windows (5c97f8fa1f50ee47013e1683543e9790)] -> id: confirmPassword]
2025-07-04 16:27:24 INFO  LogUtils:22 - Element is visible: [[ChromeDriver: chrome on windows (5c97f8fa1f50ee47013e1683543e9790)] -> id: role]
2025-07-04 16:27:24 INFO  LogUtils:36 - Selecting value: Employee from dropdown: [[ChromeDriver: chrome on windows (5c97f8fa1f50ee47013e1683543e9790)] -> id: role]
2025-07-04 16:27:24 INFO  LogUtils:22 - Element is visible: [[ChromeDriver: chrome on windows (5c97f8fa1f50ee47013e1683543e9790)] -> class name: btn]
2025-07-04 16:27:24 INFO  LogUtils:20 - Clicking on: [[ChromeDriver: chrome on windows (5c97f8fa1f50ee47013e1683543e9790)] -> class name: btn]
2025-07-04 16:27:25 INFO  LogUtils:22 - Element is visible: [[ChromeDriver: chrome on windows (5c97f8fa1f50ee47013e1683543e9790)] -> class name: logout-btn]
2025-07-04 16:27:25 INFO  LogUtils:22 - Element is visible: [[ChromeDriver: chrome on windows (5c97f8fa1f50ee47013e1683543e9790)] -> class name: logout-btn]
2025-07-04 16:27:25 INFO  LogUtils:14 - Clicking on: [[ChromeDriver: chrome on windows (5c97f8fa1f50ee47013e1683543e9790)] -> class name: logout-btn]
2025-07-04 16:28:23 INFO  LogUtils:22 - Element is visible: [[ChromeDriver: chrome on windows (bc6d9b3593057a9fc9220b364a83fafd)] -> link text: Register]
2025-07-04 16:28:23 INFO  LogUtils:14 - Clicking on: [[ChromeDriver: chrome on windows (bc6d9b3593057a9fc9220b364a83fafd)] -> link text: Register]
2025-07-04 16:28:23 INFO  LogUtils:22 - Element is visible: [[ChromeDriver: chrome on windows (bc6d9b3593057a9fc9220b364a83fafd)] -> id: firstName]
2025-07-04 16:28:24 INFO  LogUtils:29 - Entering value: 'KUDIKALA' into element: [[ChromeDriver: chrome on windows (bc6d9b3593057a9fc9220b364a83fafd)] -> id: firstName]
2025-07-04 16:28:24 INFO  LogUtils:22 - Element is visible: [[ChromeDriver: chrome on windows (bc6d9b3593057a9fc9220b364a83fafd)] -> id: lastName]
2025-07-04 16:28:24 INFO  LogUtils:29 - Entering value: 'RAMESH' into element: [[ChromeDriver: chrome on windows (bc6d9b3593057a9fc9220b364a83fafd)] -> id: lastName]
2025-07-04 16:28:24 INFO  LogUtils:22 - Element is visible: [[ChromeDriver: chrome on windows (bc6d9b3593057a9fc9220b364a83fafd)] -> id: email]
2025-07-04 16:28:24 INFO  LogUtils:29 - Entering value: 'RKTESTING5409@YAHOO.COM' into element: [[ChromeDriver: chrome on windows (bc6d9b3593057a9fc9220b364a83fafd)] -> id: email]
2025-07-04 16:28:25 INFO  LogUtils:22 - Element is visible: [[ChromeDriver: chrome on windows (bc6d9b3593057a9fc9220b364a83fafd)] -> id: password]
2025-07-04 16:28:25 INFO  LogUtils:29 - Entering value: 'TESTING@123' into element: [[ChromeDriver: chrome on windows (bc6d9b3593057a9fc9220b364a83fafd)] -> id: password]
2025-07-04 16:28:25 INFO  LogUtils:22 - Element is visible: [[ChromeDriver: chrome on windows (bc6d9b3593057a9fc9220b364a83fafd)] -> id: confirmPassword]
2025-07-04 16:28:25 INFO  LogUtils:29 - Entering value: 'TESTING@123' into element: [[ChromeDriver: chrome on windows (bc6d9b3593057a9fc9220b364a83fafd)] -> id: confirmPassword]
2025-07-04 16:28:26 INFO  LogUtils:22 - Element is visible: [[ChromeDriver: chrome on windows (bc6d9b3593057a9fc9220b364a83fafd)] -> id: role]
2025-07-04 16:28:26 INFO  LogUtils:36 - Selecting value: Employee from dropdown: [[ChromeDriver: chrome on windows (bc6d9b3593057a9fc9220b364a83fafd)] -> id: role]
2025-07-04 16:28:26 INFO  LogUtils:22 - Element is visible: [[ChromeDriver: chrome on windows (bc6d9b3593057a9fc9220b364a83fafd)] -> class name: btn]
2025-07-04 16:28:26 INFO  LogUtils:20 - Clicking on: [[ChromeDriver: chrome on windows (bc6d9b3593057a9fc9220b364a83fafd)] -> class name: btn]
2025-07-04 16:28:27 INFO  LogUtils:22 - Element is visible: [[ChromeDriver: chrome on windows (bc6d9b3593057a9fc9220b364a83fafd)] -> class name: logout-btn]
2025-07-04 16:28:27 INFO  LogUtils:22 - Element is visible: [[ChromeDriver: chrome on windows (bc6d9b3593057a9fc9220b364a83fafd)] -> class name: logout-btn]
2025-07-04 16:28:27 INFO  LogUtils:14 - Clicking on: [[ChromeDriver: chrome on windows (bc6d9b3593057a9fc9220b364a83fafd)] -> class name: logout-btn]
2025-07-04 16:29:35 INFO  LogUtils:22 - Element is visible: [[ChromeDriver: chrome on windows (5ccd423340647bea326732176ea5d050)] -> link text: Register]
2025-07-04 16:29:35 INFO  LogUtils:14 - Clicking on: [[ChromeDriver: chrome on windows (5ccd423340647bea326732176ea5d050)] -> link text: Register]
2025-07-04 16:29:36 INFO  LogUtils:22 - Element is visible: [[ChromeDriver: chrome on windows (5ccd423340647bea326732176ea5d050)] -> id: firstName]
2025-07-04 16:29:36 INFO  LogUtils:29 - Entering value: 'KUDIKALA' into element: [[ChromeDriver: chrome on windows (5ccd423340647bea326732176ea5d050)] -> id: firstName]
2025-07-04 16:29:36 INFO  LogUtils:22 - Element is visible: [[ChromeDriver: chrome on windows (5ccd423340647bea326732176ea5d050)] -> id: lastName]
2025-07-04 16:29:36 INFO  LogUtils:29 - Entering value: 'RAMESH' into element: [[ChromeDriver: chrome on windows (5ccd423340647bea326732176ea5d050)] -> id: lastName]
2025-07-04 16:29:37 INFO  LogUtils:22 - Element is visible: [[ChromeDriver: chrome on windows (5ccd423340647bea326732176ea5d050)] -> id: email]
2025-07-04 16:29:37 INFO  LogUtils:29 - Entering value: 'RKTESTING54409@YAHOO.COM' into element: [[ChromeDriver: chrome on windows (5ccd423340647bea326732176ea5d050)] -> id: email]
2025-07-04 16:29:37 INFO  LogUtils:22 - Element is visible: [[ChromeDriver: chrome on windows (5ccd423340647bea326732176ea5d050)] -> id: password]
2025-07-04 16:29:37 INFO  LogUtils:29 - Entering value: 'TESTING@123' into element: [[ChromeDriver: chrome on windows (5ccd423340647bea326732176ea5d050)] -> id: password]
2025-07-04 16:29:37 INFO  LogUtils:22 - Element is visible: [[ChromeDriver: chrome on windows (5ccd423340647bea326732176ea5d050)] -> id: confirmPassword]
2025-07-04 16:29:37 INFO  LogUtils:29 - Entering value: 'TESTING@123' into element: [[ChromeDriver: chrome on windows (5ccd423340647bea326732176ea5d050)] -> id: confirmPassword]
2025-07-04 16:29:38 INFO  LogUtils:22 - Element is visible: [[ChromeDriver: chrome on windows (5ccd423340647bea326732176ea5d050)] -> id: role]
2025-07-04 16:29:38 INFO  LogUtils:36 - Selecting value: Employee from dropdown: [[ChromeDriver: chrome on windows (5ccd423340647bea326732176ea5d050)] -> id: role]
2025-07-04 16:29:38 INFO  LogUtils:22 - Element is visible: [[ChromeDriver: chrome on windows (5ccd423340647bea326732176ea5d050)] -> class name: btn]
2025-07-04 16:29:38 INFO  LogUtils:20 - Clicking on: [[ChromeDriver: chrome on windows (5ccd423340647bea326732176ea5d050)] -> class name: btn]
2025-07-04 16:29:38 INFO  LogUtils:22 - Element is visible: [[ChromeDriver: chrome on windows (5ccd423340647bea326732176ea5d050)] -> class name: logout-btn]
2025-07-04 16:29:39 INFO  LogUtils:22 - Element is visible: [[ChromeDriver: chrome on windows (5ccd423340647bea326732176ea5d050)] -> class name: logout-btn]
2025-07-04 16:29:39 INFO  LogUtils:14 - Clicking on: [[ChromeDriver: chrome on windows (5ccd423340647bea326732176ea5d050)] -> class name: logout-btn]
2025-07-04 16:30:54 INFO  LogUtils:22 - Element is visible: [[ChromeDriver: chrome on windows (42afc3645162c8f3ee77aff192fbd05a)] -> link text: Register]
2025-07-04 16:30:54 INFO  LogUtils:14 - Clicking on: [[ChromeDriver: chrome on windows (42afc3645162c8f3ee77aff192fbd05a)] -> link text: Register]
2025-07-04 16:30:55 INFO  LogUtils:22 - Element is visible: [[ChromeDriver: chrome on windows (42afc3645162c8f3ee77aff192fbd05a)] -> id: firstName]
2025-07-04 16:30:55 INFO  LogUtils:29 - Entering value: 'KUDIKALA' into element: [[ChromeDriver: chrome on windows (42afc3645162c8f3ee77aff192fbd05a)] -> id: firstName]
2025-07-04 16:30:55 INFO  LogUtils:22 - Element is visible: [[ChromeDriver: chrome on windows (42afc3645162c8f3ee77aff192fbd05a)] -> id: lastName]
2025-07-04 16:30:55 INFO  LogUtils:29 - Entering value: 'RAMESH' into element: [[ChromeDriver: chrome on windows (42afc3645162c8f3ee77aff192fbd05a)] -> id: lastName]
2025-07-04 16:30:56 INFO  LogUtils:22 - Element is visible: [[ChromeDriver: chrome on windows (42afc3645162c8f3ee77aff192fbd05a)] -> id: email]
2025-07-04 16:30:56 INFO  LogUtils:29 - Entering value: 'RKTESTING54409@YAHOO.COM' into element: [[ChromeDriver: chrome on windows (42afc3645162c8f3ee77aff192fbd05a)] -> id: email]
2025-07-04 16:30:56 INFO  LogUtils:22 - Element is visible: [[ChromeDriver: chrome on windows (42afc3645162c8f3ee77aff192fbd05a)] -> id: password]
2025-07-04 16:30:56 INFO  LogUtils:29 - Entering value: 'TESTING@123' into element: [[ChromeDriver: chrome on windows (42afc3645162c8f3ee77aff192fbd05a)] -> id: password]
2025-07-04 16:30:56 INFO  LogUtils:22 - Element is visible: [[ChromeDriver: chrome on windows (42afc3645162c8f3ee77aff192fbd05a)] -> id: confirmPassword]
2025-07-04 16:30:57 INFO  LogUtils:29 - Entering value: 'TESTING@123' into element: [[ChromeDriver: chrome on windows (42afc3645162c8f3ee77aff192fbd05a)] -> id: confirmPassword]
2025-07-04 16:30:57 INFO  LogUtils:22 - Element is visible: [[ChromeDriver: chrome on windows (42afc3645162c8f3ee77aff192fbd05a)] -> id: role]
2025-07-04 16:30:57 INFO  LogUtils:36 - Selecting value: Employee from dropdown: [[ChromeDriver: chrome on windows (42afc3645162c8f3ee77aff192fbd05a)] -> id: role]
2025-07-04 16:30:57 INFO  LogUtils:22 - Element is visible: [[ChromeDriver: chrome on windows (42afc3645162c8f3ee77aff192fbd05a)] -> class name: btn]
2025-07-04 16:30:57 INFO  LogUtils:20 - Clicking on: [[ChromeDriver: chrome on windows (42afc3645162c8f3ee77aff192fbd05a)] -> class name: btn]
2025-07-04 16:30:58 INFO  LogUtils:22 - Element is visible: [[ChromeDriver: chrome on windows (42afc3645162c8f3ee77aff192fbd05a)] -> class name: logout-btn]
2025-07-04 16:30:58 INFO  LogUtils:22 - Element is visible: [[ChromeDriver: chrome on windows (42afc3645162c8f3ee77aff192fbd05a)] -> class name: logout-btn]
2025-07-04 16:30:58 INFO  LogUtils:14 - Clicking on: [[ChromeDriver: chrome on windows (42afc3645162c8f3ee77aff192fbd05a)] -> class name: logout-btn]
2025-07-04 16:31:23 INFO  LogUtils:22 - Element is visible: [[ChromeDriver: chrome on windows (d9249d9b3fa54391c777db0d0d8a83e9)] -> link text: Register]
2025-07-04 16:31:23 INFO  LogUtils:14 - Clicking on: [[ChromeDriver: chrome on windows (d9249d9b3fa54391c777db0d0d8a83e9)] -> link text: Register]
2025-07-04 16:31:24 INFO  LogUtils:22 - Element is visible: [[ChromeDriver: chrome on windows (d9249d9b3fa54391c777db0d0d8a83e9)] -> id: firstName]
2025-07-04 16:31:24 INFO  LogUtils:29 - Entering value: 'KUDIKALA' into element: [[ChromeDriver: chrome on windows (d9249d9b3fa54391c777db0d0d8a83e9)] -> id: firstName]
2025-07-04 16:31:24 INFO  LogUtils:22 - Element is visible: [[ChromeDriver: chrome on windows (d9249d9b3fa54391c777db0d0d8a83e9)] -> id: lastName]
2025-07-04 16:31:24 INFO  LogUtils:29 - Entering value: 'RAMESH' into element: [[ChromeDriver: chrome on windows (d9249d9b3fa54391c777db0d0d8a83e9)] -> id: lastName]
2025-07-04 16:31:24 INFO  LogUtils:22 - Element is visible: [[ChromeDriver: chrome on windows (d9249d9b3fa54391c777db0d0d8a83e9)] -> id: email]
2025-07-04 16:31:24 INFO  LogUtils:29 - Entering value: 'RKTESTING54409@YAHOO.COM' into element: [[ChromeDriver: chrome on windows (d9249d9b3fa54391c777db0d0d8a83e9)] -> id: email]
2025-07-04 16:31:25 INFO  LogUtils:22 - Element is visible: [[ChromeDriver: chrome on windows (d9249d9b3fa54391c777db0d0d8a83e9)] -> id: password]
2025-07-04 16:31:25 INFO  LogUtils:29 - Entering value: 'TESTING@123' into element: [[ChromeDriver: chrome on windows (d9249d9b3fa54391c777db0d0d8a83e9)] -> id: password]
2025-07-04 16:31:25 INFO  LogUtils:22 - Element is visible: [[ChromeDriver: chrome on windows (d9249d9b3fa54391c777db0d0d8a83e9)] -> id: confirmPassword]
2025-07-04 16:31:25 INFO  LogUtils:29 - Entering value: 'TESTING@123' into element: [[ChromeDriver: chrome on windows (d9249d9b3fa54391c777db0d0d8a83e9)] -> id: confirmPassword]
2025-07-04 16:31:25 INFO  LogUtils:22 - Element is visible: [[ChromeDriver: chrome on windows (d9249d9b3fa54391c777db0d0d8a83e9)] -> id: role]
2025-07-04 16:31:26 INFO  LogUtils:36 - Selecting value: Employee from dropdown: [[ChromeDriver: chrome on windows (d9249d9b3fa54391c777db0d0d8a83e9)] -> id: role]
2025-07-04 16:31:26 INFO  LogUtils:22 - Element is visible: [[ChromeDriver: chrome on windows (d9249d9b3fa54391c777db0d0d8a83e9)] -> class name: btn]
2025-07-04 16:31:26 INFO  LogUtils:20 - Clicking on: [[ChromeDriver: chrome on windows (d9249d9b3fa54391c777db0d0d8a83e9)] -> class name: btn]
2025-07-04 16:31:26 INFO  LogUtils:22 - Element is visible: [[ChromeDriver: chrome on windows (d9249d9b3fa54391c777db0d0d8a83e9)] -> class name: logout-btn]
2025-07-04 16:31:26 INFO  LogUtils:22 - Element is visible: [[ChromeDriver: chrome on windows (d9249d9b3fa54391c777db0d0d8a83e9)] -> class name: logout-btn]
2025-07-04 16:31:26 INFO  LogUtils:14 - Clicking on: [[ChromeDriver: chrome on windows (d9249d9b3fa54391c777db0d0d8a83e9)] -> class name: logout-btn]
2025-07-04 17:40:52 INFO  LogUtils:22 - Element is visible: [[RemoteWebDriver: chrome on windows (eee2171fac794984b5ad09e837e0520b)] -> link text: Register]
2025-07-04 17:40:52 INFO  LogUtils:14 - Clicking on: [[RemoteWebDriver: chrome on windows (eee2171fac794984b5ad09e837e0520b)] -> link text: Register]
2025-07-04 17:40:55 INFO  LogUtils:22 - Element is visible: [[RemoteWebDriver: chrome on windows (eee2171fac794984b5ad09e837e0520b)] -> id: firstName]
2025-07-04 17:40:55 INFO  LogUtils:28 - Entering value: 'KUDIKALA' into element: [[RemoteWebDriver: chrome on windows (eee2171fac794984b5ad09e837e0520b)] -> id: firstName]
2025-07-04 17:40:57 INFO  LogUtils:22 - Element is visible: [[RemoteWebDriver: chrome on windows (eee2171fac794984b5ad09e837e0520b)] -> id: lastName]
2025-07-04 17:40:57 INFO  LogUtils:28 - Entering value: 'RAMESH' into element: [[RemoteWebDriver: chrome on windows (eee2171fac794984b5ad09e837e0520b)] -> id: lastName]
2025-07-04 17:40:59 INFO  LogUtils:22 - Element is visible: [[RemoteWebDriver: chrome on windows (eee2171fac794984b5ad09e837e0520b)] -> id: email]
2025-07-04 17:40:59 INFO  LogUtils:28 - Entering value: 'RKTESTING54409@YAHOO.COM' into element: [[RemoteWebDriver: chrome on windows (eee2171fac794984b5ad09e837e0520b)] -> id: email]
2025-07-04 17:41:01 INFO  LogUtils:22 - Element is visible: [[RemoteWebDriver: chrome on windows (eee2171fac794984b5ad09e837e0520b)] -> id: password]
2025-07-04 17:41:02 INFO  LogUtils:28 - Entering value: 'TESTING@123' into element: [[RemoteWebDriver: chrome on windows (eee2171fac794984b5ad09e837e0520b)] -> id: password]
2025-07-04 17:41:03 INFO  LogUtils:22 - Element is visible: [[RemoteWebDriver: chrome on windows (eee2171fac794984b5ad09e837e0520b)] -> id: confirmPassword]
2025-07-04 17:41:04 INFO  LogUtils:28 - Entering value: 'TESTING@123' into element: [[RemoteWebDriver: chrome on windows (eee2171fac794984b5ad09e837e0520b)] -> id: confirmPassword]
2025-07-04 17:41:05 INFO  LogUtils:22 - Element is visible: [[RemoteWebDriver: chrome on windows (eee2171fac794984b5ad09e837e0520b)] -> id: role]
2025-07-04 17:41:05 INFO  LogUtils:35 - Selecting value: Employee from dropdown: [[RemoteWebDriver: chrome on windows (eee2171fac794984b5ad09e837e0520b)] -> id: role]
2025-07-04 17:41:08 INFO  LogUtils:22 - Element is visible: [[RemoteWebDriver: chrome on windows (eee2171fac794984b5ad09e837e0520b)] -> class name: btn]
2025-07-04 17:41:09 INFO  LogUtils:20 - Clicking on: [[RemoteWebDriver: chrome on windows (eee2171fac794984b5ad09e837e0520b)] -> class name: btn]
2025-07-04 17:41:10 INFO  LogUtils:22 - Element is visible: [[RemoteWebDriver: chrome on windows (eee2171fac794984b5ad09e837e0520b)] -> class name: logout-btn]
2025-07-04 17:41:11 INFO  LogUtils:22 - Element is visible: [[RemoteWebDriver: chrome on windows (eee2171fac794984b5ad09e837e0520b)] -> class name: logout-btn]
2025-07-04 17:41:11 INFO  LogUtils:14 - Clicking on: [[RemoteWebDriver: chrome on windows (eee2171fac794984b5ad09e837e0520b)] -> class name: logout-btn]
2025-07-04 18:25:56 INFO  LogUtils:22 - Element is visible: [[RemoteWebDriver: chrome on windows (b7dc3f9d39c7444792e95e1a772194e3)] -> link text: Register]
2025-07-04 18:25:57 INFO  LogUtils:14 - Clicking on: [[RemoteWebDriver: chrome on windows (b7dc3f9d39c7444792e95e1a772194e3)] -> link text: Register]
2025-07-04 18:25:58 INFO  LogUtils:22 - Element is visible: [[RemoteWebDriver: chrome on windows (b7dc3f9d39c7444792e95e1a772194e3)] -> id: firstName]
2025-07-04 18:25:59 INFO  LogUtils:28 - Entering value: 'KUDIKALA' into element: [[RemoteWebDriver: chrome on windows (b7dc3f9d39c7444792e95e1a772194e3)] -> id: firstName]
2025-07-04 18:26:00 INFO  LogUtils:22 - Element is visible: [[RemoteWebDriver: chrome on windows (b7dc3f9d39c7444792e95e1a772194e3)] -> id: lastName]
2025-07-04 18:26:01 INFO  LogUtils:28 - Entering value: 'RAMESH' into element: [[RemoteWebDriver: chrome on windows (b7dc3f9d39c7444792e95e1a772194e3)] -> id: lastName]
2025-07-04 18:26:03 INFO  LogUtils:22 - Element is visible: [[RemoteWebDriver: chrome on windows (b7dc3f9d39c7444792e95e1a772194e3)] -> id: email]
2025-07-04 18:26:03 INFO  LogUtils:28 - Entering value: 'RKTESTING54409@YAHOO.COM' into element: [[RemoteWebDriver: chrome on windows (b7dc3f9d39c7444792e95e1a772194e3)] -> id: email]
2025-07-04 18:26:05 INFO  LogUtils:22 - Element is visible: [[RemoteWebDriver: chrome on windows (b7dc3f9d39c7444792e95e1a772194e3)] -> id: password]
2025-07-04 18:26:06 INFO  LogUtils:28 - Entering value: 'TESTING@123' into element: [[RemoteWebDriver: chrome on windows (b7dc3f9d39c7444792e95e1a772194e3)] -> id: password]
2025-07-04 18:26:07 INFO  LogUtils:22 - Element is visible: [[RemoteWebDriver: chrome on windows (b7dc3f9d39c7444792e95e1a772194e3)] -> id: confirmPassword]
2025-07-04 18:26:08 INFO  LogUtils:28 - Entering value: 'TESTING@123' into element: [[RemoteWebDriver: chrome on windows (b7dc3f9d39c7444792e95e1a772194e3)] -> id: confirmPassword]
2025-07-04 18:26:09 INFO  LogUtils:22 - Element is visible: [[RemoteWebDriver: chrome on windows (b7dc3f9d39c7444792e95e1a772194e3)] -> id: role]
2025-07-04 18:26:09 INFO  LogUtils:35 - Selecting value: Employee from dropdown: [[RemoteWebDriver: chrome on windows (b7dc3f9d39c7444792e95e1a772194e3)] -> id: role]
2025-07-04 18:26:12 INFO  LogUtils:22 - Element is visible: [[RemoteWebDriver: chrome on windows (b7dc3f9d39c7444792e95e1a772194e3)] -> class name: btn]
2025-07-04 18:26:13 INFO  LogUtils:20 - Clicking on: [[RemoteWebDriver: chrome on windows (b7dc3f9d39c7444792e95e1a772194e3)] -> class name: btn]
2025-07-04 18:26:14 INFO  LogUtils:22 - Element is visible: [[RemoteWebDriver: chrome on windows (b7dc3f9d39c7444792e95e1a772194e3)] -> class name: logout-btn]
2025-07-04 18:26:15 INFO  LogUtils:22 - Element is visible: [[RemoteWebDriver: chrome on windows (b7dc3f9d39c7444792e95e1a772194e3)] -> class name: logout-btn]
2025-07-04 18:26:15 INFO  LogUtils:14 - Clicking on: [[RemoteWebDriver: chrome on windows (b7dc3f9d39c7444792e95e1a772194e3)] -> class name: logout-btn]
2025-07-05 12:55:35 INFO  LogUtils:22 - Element is visible: [[RemoteWebDriver: chrome on windows (cfaf6a8ec3d5458b91f7a0825f305ba3)] -> link text: Register]
2025-07-05 12:55:36 INFO  LogUtils:14 - Clicking on: [[RemoteWebDriver: chrome on windows (cfaf6a8ec3d5458b91f7a0825f305ba3)] -> link text: Register]
2025-07-05 12:55:37 INFO  LogUtils:22 - Element is visible: [[RemoteWebDriver: chrome on windows (cfaf6a8ec3d5458b91f7a0825f305ba3)] -> id: firstName]
2025-07-05 12:55:39 INFO  LogUtils:28 - Entering value: 'KUDIKALA' into element: [[RemoteWebDriver: chrome on windows (cfaf6a8ec3d5458b91f7a0825f305ba3)] -> id: firstName]
2025-07-05 12:55:40 INFO  LogUtils:22 - Element is visible: [[RemoteWebDriver: chrome on windows (cfaf6a8ec3d5458b91f7a0825f305ba3)] -> id: lastName]
2025-07-05 12:55:41 INFO  LogUtils:28 - Entering value: 'RAMESH' into element: [[RemoteWebDriver: chrome on windows (cfaf6a8ec3d5458b91f7a0825f305ba3)] -> id: lastName]
2025-07-05 12:55:42 INFO  LogUtils:22 - Element is visible: [[RemoteWebDriver: chrome on windows (cfaf6a8ec3d5458b91f7a0825f305ba3)] -> id: email]
2025-07-05 12:55:43 INFO  LogUtils:28 - Entering value: 'AKRKTESTING54409@YAHOO.COM' into element: [[RemoteWebDriver: chrome on windows (cfaf6a8ec3d5458b91f7a0825f305ba3)] -> id: email]
2025-07-05 12:55:44 INFO  LogUtils:22 - Element is visible: [[RemoteWebDriver: chrome on windows (cfaf6a8ec3d5458b91f7a0825f305ba3)] -> id: password]
2025-07-05 12:55:45 INFO  LogUtils:28 - Entering value: 'TESTING@123' into element: [[RemoteWebDriver: chrome on windows (cfaf6a8ec3d5458b91f7a0825f305ba3)] -> id: password]
2025-07-05 12:55:46 INFO  LogUtils:22 - Element is visible: [[RemoteWebDriver: chrome on windows (cfaf6a8ec3d5458b91f7a0825f305ba3)] -> id: confirmPassword]
2025-07-05 12:55:47 INFO  LogUtils:28 - Entering value: 'TESTING@123' into element: [[RemoteWebDriver: chrome on windows (cfaf6a8ec3d5458b91f7a0825f305ba3)] -> id: confirmPassword]
2025-07-05 12:55:48 INFO  LogUtils:22 - Element is visible: [[RemoteWebDriver: chrome on windows (cfaf6a8ec3d5458b91f7a0825f305ba3)] -> id: role]
2025-07-05 12:55:49 INFO  LogUtils:35 - Selecting value: Employee from dropdown: [[RemoteWebDriver: chrome on windows (cfaf6a8ec3d5458b91f7a0825f305ba3)] -> id: role]
2025-07-05 12:55:52 INFO  LogUtils:22 - Element is visible: [[RemoteWebDriver: chrome on windows (cfaf6a8ec3d5458b91f7a0825f305ba3)] -> class name: btn]
2025-07-05 12:55:52 INFO  LogUtils:20 - Clicking on: [[RemoteWebDriver: chrome on windows (cfaf6a8ec3d5458b91f7a0825f305ba3)] -> class name: btn]
2025-07-05 12:55:54 INFO  LogUtils:22 - Element is visible: [[RemoteWebDriver: chrome on windows (cfaf6a8ec3d5458b91f7a0825f305ba3)] -> class name: logout-btn]
2025-07-05 12:55:54 INFO  LogUtils:22 - Element is visible: [[RemoteWebDriver: chrome on windows (cfaf6a8ec3d5458b91f7a0825f305ba3)] -> class name: logout-btn]
2025-07-05 12:55:54 INFO  LogUtils:14 - Clicking on: [[RemoteWebDriver: chrome on windows (cfaf6a8ec3d5458b91f7a0825f305ba3)] -> class name: logout-btn]
2025-07-05 12:57:19 INFO  LogUtils:22 - Element is visible: [[RemoteWebDriver: chrome on windows (4022a4ba04204eb2b32dabd6bc35d77c)] -> link text: Register]
2025-07-05 12:57:19 INFO  LogUtils:14 - Clicking on: [[RemoteWebDriver: chrome on windows (4022a4ba04204eb2b32dabd6bc35d77c)] -> link text: Register]
2025-07-05 12:57:21 INFO  LogUtils:22 - Element is visible: [[RemoteWebDriver: chrome on windows (4022a4ba04204eb2b32dabd6bc35d77c)] -> id: firstName]
2025-07-05 12:57:22 INFO  LogUtils:28 - Entering value: 'KUDIKALA' into element: [[RemoteWebDriver: chrome on windows (4022a4ba04204eb2b32dabd6bc35d77c)] -> id: firstName]
2025-07-05 12:57:24 INFO  LogUtils:22 - Element is visible: [[RemoteWebDriver: chrome on windows (4022a4ba04204eb2b32dabd6bc35d77c)] -> id: lastName]
2025-07-05 12:57:25 INFO  LogUtils:28 - Entering value: 'RAMESH' into element: [[RemoteWebDriver: chrome on windows (4022a4ba04204eb2b32dabd6bc35d77c)] -> id: lastName]
2025-07-05 12:57:27 INFO  LogUtils:22 - Element is visible: [[RemoteWebDriver: chrome on windows (4022a4ba04204eb2b32dabd6bc35d77c)] -> id: email]
2025-07-05 12:57:28 INFO  LogUtils:28 - Entering value: 'supertesting2309@YAHOO.COM' into element: [[RemoteWebDriver: chrome on windows (4022a4ba04204eb2b32dabd6bc35d77c)] -> id: email]
2025-07-05 12:57:29 INFO  LogUtils:22 - Element is visible: [[RemoteWebDriver: chrome on windows (4022a4ba04204eb2b32dabd6bc35d77c)] -> id: password]
2025-07-05 12:57:30 INFO  LogUtils:28 - Entering value: 'TESTING@123' into element: [[RemoteWebDriver: chrome on windows (4022a4ba04204eb2b32dabd6bc35d77c)] -> id: password]
2025-07-05 12:57:31 INFO  LogUtils:22 - Element is visible: [[RemoteWebDriver: chrome on windows (4022a4ba04204eb2b32dabd6bc35d77c)] -> id: confirmPassword]
2025-07-05 12:57:32 INFO  LogUtils:28 - Entering value: 'TESTING@123' into element: [[RemoteWebDriver: chrome on windows (4022a4ba04204eb2b32dabd6bc35d77c)] -> id: confirmPassword]
2025-07-05 12:57:33 INFO  LogUtils:22 - Element is visible: [[RemoteWebDriver: chrome on windows (4022a4ba04204eb2b32dabd6bc35d77c)] -> id: role]
2025-07-05 12:57:34 INFO  LogUtils:35 - Selecting value: Employee from dropdown: [[RemoteWebDriver: chrome on windows (4022a4ba04204eb2b32dabd6bc35d77c)] -> id: role]
2025-07-05 12:57:37 INFO  LogUtils:22 - Element is visible: [[RemoteWebDriver: chrome on windows (4022a4ba04204eb2b32dabd6bc35d77c)] -> class name: btn]
2025-07-05 12:57:37 INFO  LogUtils:20 - Clicking on: [[RemoteWebDriver: chrome on windows (4022a4ba04204eb2b32dabd6bc35d77c)] -> class name: btn]
2025-07-05 12:57:38 INFO  LogUtils:22 - Element is visible: [[RemoteWebDriver: chrome on windows (4022a4ba04204eb2b32dabd6bc35d77c)] -> class name: logout-btn]
2025-07-05 12:57:39 INFO  LogUtils:22 - Element is visible: [[RemoteWebDriver: chrome on windows (4022a4ba04204eb2b32dabd6bc35d77c)] -> class name: logout-btn]
2025-07-05 12:57:39 INFO  LogUtils:14 - Clicking on: [[RemoteWebDriver: chrome on windows (4022a4ba04204eb2b32dabd6bc35d77c)] -> class name: logout-btn]
